<?xml version="1.0" encoding="UTF-8"?>
<!-- Generated by org.testng.reporters.JUnitXMLReporter -->
<testsuite ignored="2" hostname="DESKTOP-RD9UV13" failures="0" tests="2" name="chromeBrowser" time="114.081" errors="0" timestamp="2023-07-07T14:43:25 IST">
  <testcase classname="com.Tms.BookingCountTest" name="create4" time="34.387"/>
  <testcase classname="com.Tms.BookAndCancelTecketTest" name="create3" time="23.413"/>
  <testcase classname="com.TYSS.Renaa_TMS_Hybrid.BaseClass" name="@AfterSuite closeDB" time="0.0">
    <ignored/>
  </testcase> <!-- @AfterSuite closeDB -->
  <testcase classname="com.TYSS.Renaa_TMS_Hybrid.BaseClass" name="@BeforeSuite connectDB" time="0.0">
    <ignored/>
  </testcase> <!-- @BeforeSuite connectDB -->
</testsuite> <!-- chromeBrowser -->
