<?xml version="1.0" encoding="UTF-8"?>
<!-- Generated by org.testng.reporters.JUnitXMLReporter -->
<testsuite ignored="2" hostname="DESKTOP-RD9UV13" failures="0" tests="2" name="MK" time="55.148" errors="0" timestamp="2023-07-07T10:30:33 IST">
  <testcase classname="com.TYSS.Renaa_TMS_Hybrid.BaseClass" name="@BeforeClass launchBrowser" time="0.0">
    <failure type="java.lang.NullPointerException" message="Cannot invoke &amp;quot;String.contains(java.lang.CharSequence)&amp;quot; because &amp;quot;this.browser&amp;quot; is null">
      <![CDATA[java.lang.NullPointerException: Cannot invoke "String.contains(java.lang.CharSequence)" because "this.browser" is null
at com.TYSS.Renaa_TMS_Hybrid.BaseClass.launchBrowser(BaseClass.java:62)
at java.base/java.util.concurrent.ThreadPoolExecutor.runWorker(ThreadPoolExecutor.java:1144)
at java.base/java.util.concurrent.ThreadPoolExecutor$Worker.run(ThreadPoolExecutor.java:642)
at java.base/java.lang.Thread.run(Thread.java:1589)
... Removed 8 stack frames]]>
    </failure>
  </testcase> <!-- @BeforeClass launchBrowser -->
  <testcase classname="com.TYSS.Renaa_TMS_Hybrid.BaseClass" name="@BeforeMethod loginToApp" time="-1.688705978711E9">
    <skipped/>
  </testcase> <!-- @BeforeMethod loginToApp -->
  <testcase classname="com.TYSS.Renaa_TMS_Hybrid.BaseClass" name="@AfterMethod logoutFromApp" time="-1.688705978722E9">
    <skipped/>
  </testcase> <!-- @AfterMethod logoutFromApp -->
  <testcase classname="com.TYSS.Renaa_TMS_Hybrid.BaseClass" name="@AfterClass closeBrowser" time="-1.688705978727E9">
    <skipped/>
  </testcase> <!-- @AfterClass closeBrowser -->
  <testcase classname="com.Tms.BookAndConfirmTest" name="create1" time="0.0">
    <skipped/>
  </testcase> <!-- create1 -->
  <testcase classname="com.Tms.RaiseIssueTest" name="create2" time="28.801"/>
  <testcase classname="com.TYSS.Renaa_TMS_Hybrid.BaseClass" name="@AfterSuite closeDB" time="0.0">
    <ignored/>
  </testcase> <!-- @AfterSuite closeDB -->
  <testcase classname="com.TYSS.Renaa_TMS_Hybrid.BaseClass" name="@BeforeSuite connectDB" time="0.0">
    <ignored/>
  </testcase> <!-- @BeforeSuite connectDB -->
</testsuite> <!-- MK -->
